Using pre-set license
Built from '2021.1/staging' branch; Version is '2021.1.3f1 (4bef613afd59) revision 4976481'; Using compiler version '192528614'; Build Type 'Release'
OS: 'Windows 10 Home; OS build 17134.1304; Version 1803; 64bit' Language: 'en' Physical Memory: 16289 MB
BatchMode: 1, IsHumanControllingUs: 0, StartBugReporterOnCrash: 0, Is64bit: 1, IsPro: 0

 COMMAND LINE ARGUMENTS:
D:\Unity\2021.1.3f1\Editor\Unity.exe
-adb2
-batchMode
-noUpm
-name
AssetImportWorker0
-projectPath
C:/Users/gregs/OneDrive/Documents/GitHub/RaucousCourt
-logFile
Logs/AssetImportWorker0.log
-srvPort
54717
Successfully changed project path to: C:/Users/gregs/OneDrive/Documents/GitHub/RaucousCourt
C:/Users/gregs/OneDrive/Documents/GitHub/RaucousCourt
Using Asset Import Pipeline V2.
Refreshing native plugins compatible for Editor in 123.64 ms, found 1 plugins.
Preloading 0 native plugins for Editor in 0.00 ms.
Initialize engine version: 2021.1.3f1 (4bef613afd59)
[Subsystems] Discovering subsystems at path D:/Unity/2021.1.3f1/Editor/Data/Resources/UnitySubsystems
[Subsystems] Discovering subsystems at path C:/Users/gregs/OneDrive/Documents/GitHub/RaucousCourt/Assets
GfxDevice: creating device client; threaded=0; jobified=0
Direct3D:
    Version:  Direct3D 11.0 [level 11.1]
    Renderer: NVIDIA GeForce GTX 1070 (ID=0x1be1)
    Vendor:   NVIDIA
    VRAM:     8081 MB
    Driver:   26.21.14.4250
Initialize mono
Mono path[0] = 'D:/Unity/2021.1.3f1/Editor/Data/Managed'
Mono path[1] = 'D:/Unity/2021.1.3f1/Editor/Data/MonoBleedingEdge/lib/mono/unityjit'
Mono config path = 'D:/Unity/2021.1.3f1/Editor/Data/MonoBleedingEdge/etc'
Using monoOptions --debugger-agent=transport=dt_socket,embedding=1,server=y,suspend=n,address=127.0.0.1:56976
Begin MonoManager ReloadAssembly
Registering precompiled unity dll's ...
Register platform support module: D:/Unity/2021.1.3f1/Editor/Data/PlaybackEngines/WebGLSupport/UnityEditor.WebGL.Extensions.dll
Register platform support module: D:/Unity/2021.1.3f1/Editor/Data/PlaybackEngines/MacStandaloneSupport/UnityEditor.OSXStandalone.Extensions.dll
Register platform support module: D:/Unity/2021.1.3f1/Editor/Data/PlaybackEngines/WindowsStandaloneSupport/UnityEditor.WindowsStandalone.Extensions.dll
Register platform support module: D:/Unity/2021.1.3f1/Editor/Data/PlaybackEngines/LuminSupport/UnityEditor.Lumin.Extensions.dll
Registered in 0.003241 seconds.
Native extension for Lumin target not found
Native extension for WindowsStandalone target not found
Native extension for OSXStandalone target not found
Native extension for WebGL target not found
Refreshing native plugins compatible for Editor in 130.16 ms, found 1 plugins.
Preloading 0 native plugins for Editor in 0.00 ms.
Mono: successfully reloaded assembly
- Completed reload, in  2.880 seconds
Platform modules already initialized, skipping
Registering precompiled user dll's ...
Registered in 0.008830 seconds.
Begin MonoManager ReloadAssembly
Native extension for Lumin target not found
Native extension for WindowsStandalone target not found
Native extension for OSXStandalone target not found
Native extension for WebGL target not found
Refreshing native plugins compatible for Editor in 0.56 ms, found 1 plugins.
Preloading 0 native plugins for Editor in 0.00 ms.
Mono: successfully reloaded assembly
- Completed reload, in  1.518 seconds
Platform modules already initialized, skipping
========================================================================
Worker process is ready to serve import requests
Launched and connected shader compiler UnityShaderCompiler.exe after 0.07 seconds
Refreshing native plugins compatible for Editor in 0.62 ms, found 1 plugins.
Preloading 0 native plugins for Editor in 0.00 ms.
Unloading 2666 Unused Serialized files (Serialized files now loaded: 0)
System memory in use before: 98.4 MB.
System memory in use after: 98.6 MB.

Unloading 15 unused Assets to reduce memory usage. Loaded Objects now: 3119.
Total: 2.816790 ms (FindLiveObjects: 0.289580 ms CreateObjectMapping: 0.233877 ms MarkObjects: 2.195358 ms  DeleteObjects: 0.096790 ms)

========================================================================
Received Import Request.
  path: Assets/CathedralWithCeiling.fbx
  artifactKey: Guid(be064d8c414473f41a8457ca3d44a0f8) Importer(815301076,1909f56bfc062723c751e8b465ee728b)
Start importing Assets/CathedralWithCeiling.fbx using Guid(be064d8c414473f41a8457ca3d44a0f8) Importer(815301076,1909f56bfc062723c751e8b465ee728b)  -> (artifact id: 'ab1e00515e037885f4beb647cc8ff2de') in 0.815288 seconds 
========================================================================
Received Import Request.
  Time since last request: 0.000344 seconds.
  path: Assets/pew rd.fbx
  artifactKey: Guid(1d38e312101ed584699d3f0126d36b1f) Importer(815301076,1909f56bfc062723c751e8b465ee728b)
Start importing Assets/pew rd.fbx using Guid(1d38e312101ed584699d3f0126d36b1f) Importer(815301076,1909f56bfc062723c751e8b465ee728b)  -> (artifact id: '89a1a2666b25d38edc18c901db91355e') in 0.304278 seconds 
========================================================================
Received Import Request.
  Time since last request: 0.000342 seconds.
  path: Assets/stone fence rd.fbx
  artifactKey: Guid(5549446b19100cc4cbc8b2a325087abd) Importer(815301076,1909f56bfc062723c751e8b465ee728b)
Start importing Assets/stone fence rd.fbx using Guid(5549446b19100cc4cbc8b2a325087abd) Importer(815301076,1909f56bfc062723c751e8b465ee728b)  -> (artifact id: '1caa7e7b9f65f2e384856825dbf51a41') in 0.032443 seconds 
========================================================================
Received Prepare
Registering precompiled user dll's ...
Registered in 0.010712 seconds.
Begin MonoManager ReloadAssembly
Native extension for Lumin target not found
Native extension for WindowsStandalone target not found
Native extension for OSXStandalone target not found
Native extension for WebGL target not found
Refreshing native plugins compatible for Editor in 0.83 ms, found 1 plugins.
Preloading 0 native plugins for Editor in 0.00 ms.
Mono: successfully reloaded assembly
- Completed reload, in  2.145 seconds
Platform modules already initialized, skipping
Refreshing native plugins compatible for Editor in 0.88 ms, found 1 plugins.
Preloading 0 native plugins for Editor in 0.00 ms.
Unloading 2661 Unused Serialized files (Serialized files now loaded: 0)
System memory in use before: 102.5 MB.
System memory in use after: 102.6 MB.

Unloading 11 unused Assets to reduce memory usage. Loaded Objects now: 3165.
Total: 3.439802 ms (FindLiveObjects: 0.550716 ms CreateObjectMapping: 0.346074 ms MarkObjects: 2.433975 ms  DeleteObjects: 0.106667 ms)

========================================================================
Received Import Request.
  Time since last request: 647.018629 seconds.
  path: Assets/CathedralWithCeiling.prefab
  artifactKey: Guid(2aecea7e75287e140ad249b3bd08afe5) Importer(815301076,1909f56bfc062723c751e8b465ee728b)
Start importing Assets/CathedralWithCeiling.prefab using Guid(2aecea7e75287e140ad249b3bd08afe5) Importer(815301076,1909f56bfc062723c751e8b465ee728b)  -> (artifact id: '7b68fe70b95721bc48567a86e987c804') in 0.104990 seconds 
========================================================================
Received Import Request.
  Time since last request: 20.761573 seconds.
  path: Assets/New Prefab.prefab
  artifactKey: Guid(1847a8f7d18741e4fb963f66e72bc4f3) Importer(815301076,1909f56bfc062723c751e8b465ee728b)
Start importing Assets/New Prefab.prefab using Guid(1847a8f7d18741e4fb963f66e72bc4f3) Importer(815301076,1909f56bfc062723c751e8b465ee728b)  -> (artifact id: '38aeaf92379eb90dbacd82fb9113acd9') in 0.058263 seconds 
========================================================================
Received Prepare
Registering precompiled user dll's ...
Registered in 0.007315 seconds.
Begin MonoManager ReloadAssembly
Native extension for Lumin target not found
Native extension for WindowsStandalone target not found
Native extension for OSXStandalone target not found
Native extension for WebGL target not found
Refreshing native plugins compatible for Editor in 0.61 ms, found 1 plugins.
Preloading 0 native plugins for Editor in 0.00 ms.
Mono: successfully reloaded assembly
- Completed reload, in  1.295 seconds
Platform modules already initialized, skipping
Refreshing native plugins compatible for Editor in 0.54 ms, found 1 plugins.
Preloading 0 native plugins for Editor in 0.00 ms.
Unloading 2661 Unused Serialized files (Serialized files now loaded: 0)
System memory in use before: 102.5 MB.
System memory in use after: 102.7 MB.

Unloading 11 unused Assets to reduce memory usage. Loaded Objects now: 3169.
Total: 2.777679 ms (FindLiveObjects: 0.328691 ms CreateObjectMapping: 0.202667 ms MarkObjects: 2.177580 ms  DeleteObjects: 0.066370 ms)

AssetImportWorkerClient::OnTransportError - code=2 error=End of file
